<?xml version="1.0" encoding="UTF-8"?>
<testsuite name="TestSuite" time="16.276" tests="1" errors="0" skipped="0" failures="1">
  <properties>
[...]
</properties>
  <testcase name="setUp" classname="seleniumframework_oct.LoginTest" time="16.276">
    <failure message="session not created&#10;from chrome not reachable&#10;  (Session info: chrome=77.0.3865.90)&#10;Build info: version: &apos;3.10.0&apos;, revision: &apos;176b4a9&apos;, time: &apos;2018-03-02T19:03:16.397Z&apos;&#10;System info: host: &apos;DESKTOP-7UJB05T&apos;, ip: &apos;192.168.146.1&apos;, os.name: &apos;Windows 10&apos;, os.arch: &apos;amd64&apos;, os.version: &apos;10.0&apos;, java.version: &apos;1.8.0_101&apos;&#10;Driver info: driver.version: ChromeDriver&#10;remote stacktrace: Backtrace:&#10;	Ordinal0 [0x0034EB13+1501971]&#10;	Ordinal0 [0x002CF6D1+980689]&#10;	Ordinal0 [0x00257508+488712]&#10;	Ordinal0 [0x0025131A+463642]&#10;	Ordinal0 [0x002519C8+465352]&#10;	Ordinal0 [0x00252AA5+469669]&#10;	Ordinal0 [0x0024EC85+453765]&#10;	Ordinal0 [0x00258330+492336]&#10;	Ordinal0 [0x0020A108+172296]&#10;	Ordinal0 [0x0020942D+169005]&#10;	Ordinal0 [0x002078EB+162027]&#10;	Ordinal0 [0x001F0AC7+68295]&#10;	Ordinal0 [0x001F1B40+72512]&#10;	Ordinal0 [0x001F1AD9+72409]&#10;	Ordinal0 [0x002E8F37+1085239]&#10;	GetHandleVerifier [0x003ED7ED+503293]&#10;	GetHandleVerifier [0x003ED580+502672]&#10;	GetHandleVerifier [0x003F46AC+531644]&#10;	GetHandleVerifier [0x003EDFFA+505354]&#10;	Ordinal0 [0x002E0606+1050118]&#10;	Ordinal0 [0x002E047F+1049727]&#10;	Ordinal0 [0x002EAF9B+1093531]&#10;	Ordinal0 [0x002EB103+1093891]&#10;	Ordinal0 [0x002EA095+1089685]&#10;	BaseThreadInitThunk [0x77456359+25]&#10;	RtlGetAppContainerNamedObjectPath [0x77597B74+228]&#10;	RtlGetAppContainerNamedObjectPath [0x77597B44+180]&#10;" type="org.openqa.selenium.SessionNotCreatedException"><![CDATA[org.openqa.selenium.SessionNotCreatedException: session not created
from chrome not reachable
  (Session info: chrome=77.0.3865.90)
Build info: version: '3.10.0', revision: '176b4a9', time: '2018-03-02T19:03:16.397Z'
System info: host: 'DESKTOP-7UJB05T', ip: '192.168.146.1', os.name: 'Windows 10', os.arch: 'amd64', os.version: '10.0', java.version: '1.8.0_101'
Driver info: driver.version: ChromeDriver
remote stacktrace: Backtrace:
	Ordinal0 [0x0034EB13+1501971]
	Ordinal0 [0x002CF6D1+980689]
	Ordinal0 [0x00257508+488712]
	Ordinal0 [0x0025131A+463642]
	Ordinal0 [0x002519C8+465352]
	Ordinal0 [0x00252AA5+469669]
	Ordinal0 [0x0024EC85+453765]
	Ordinal0 [0x00258330+492336]
	Ordinal0 [0x0020A108+172296]
	Ordinal0 [0x0020942D+169005]
	Ordinal0 [0x002078EB+162027]
	Ordinal0 [0x001F0AC7+68295]
	Ordinal0 [0x001F1B40+72512]
	Ordinal0 [0x001F1AD9+72409]
	Ordinal0 [0x002E8F37+1085239]
	GetHandleVerifier [0x003ED7ED+503293]
	GetHandleVerifier [0x003ED580+502672]
	GetHandleVerifier [0x003F46AC+531644]
	GetHandleVerifier [0x003EDFFA+505354]
	Ordinal0 [0x002E0606+1050118]
	Ordinal0 [0x002E047F+1049727]
	Ordinal0 [0x002EAF9B+1093531]
	Ordinal0 [0x002EB103+1093891]
	Ordinal0 [0x002EA095+1089685]
	BaseThreadInitThunk [0x77456359+25]
	RtlGetAppContainerNamedObjectPath [0x77597B74+228]
	RtlGetAppContainerNamedObjectPath [0x77597B44+180]

	at sun.reflect.NativeConstructorAccessorImpl.newInstance0(Native Method)
	at sun.reflect.NativeConstructorAccessorImpl.newInstance(NativeConstructorAccessorImpl.java:62)
	at sun.reflect.DelegatingConstructorAccessorImpl.newInstance(DelegatingConstructorAccessorImpl.java:45)
	at java.lang.reflect.Constructor.newInstance(Constructor.java:423)
	at org.openqa.selenium.remote.W3CHandshakeResponse.lambda$new$0(W3CHandshakeResponse.java:57)
	at org.openqa.selenium.remote.W3CHandshakeResponse.lambda$getResponseFunction$2(W3CHandshakeResponse.java:104)
	at org.openqa.selenium.remote.ProtocolHandshake.lambda$createSession$0(ProtocolHandshake.java:123)
	at java.util.stream.ReferencePipeline$3$1.accept(ReferencePipeline.java:193)
	at java.util.Spliterators$ArraySpliterator.tryAdvance(Spliterators.java:958)
	at java.util.stream.ReferencePipeline.forEachWithCancel(ReferencePipeline.java:126)
	at java.util.stream.AbstractPipeline.copyIntoWithCancel(AbstractPipeline.java:498)
	at java.util.stream.AbstractPipeline.copyInto(AbstractPipeline.java:485)
	at java.util.stream.AbstractPipeline.wrapAndCopyInto(AbstractPipeline.java:471)
	at java.util.stream.FindOps$FindOp.evaluateSequential(FindOps.java:152)
	at java.util.stream.AbstractPipeline.evaluate(AbstractPipeline.java:234)
	at java.util.stream.ReferencePipeline.findFirst(ReferencePipeline.java:464)
	at org.openqa.selenium.remote.ProtocolHandshake.createSession(ProtocolHandshake.java:126)
	at org.openqa.selenium.remote.ProtocolHandshake.createSession(ProtocolHandshake.java:73)
	at org.openqa.selenium.remote.HttpCommandExecutor.execute(HttpCommandExecutor.java:138)
	at org.openqa.selenium.remote.service.DriverCommandExecutor.execute(DriverCommandExecutor.java:83)
	at org.openqa.selenium.remote.RemoteWebDriver.execute(RemoteWebDriver.java:601)
	at org.openqa.selenium.remote.RemoteWebDriver.startSession(RemoteWebDriver.java:219)
	at org.openqa.selenium.remote.RemoteWebDriver.<init>(RemoteWebDriver.java:142)
	at org.openqa.selenium.chrome.ChromeDriver.<init>(ChromeDriver.java:181)
	at org.openqa.selenium.chrome.ChromeDriver.<init>(ChromeDriver.java:168)
	at org.openqa.selenium.chrome.ChromeDriver.<init>(ChromeDriver.java:123)
	at seleniumframework_oct.LoginTest.setUp(LoginTest.java:17)
]]></failure>
    <system-err>Starting ChromeDriver 77.0.3865.40 (f484704e052e0b556f8030b65b953dce96503217-refs/branch-heads/3865@{#442}) on port 32358
Only local connections are allowed.
Please protect ports used by ChromeDriver and related test frameworks to prevent access by malicious code.
[1574249031.425][WARNING]: Timed out connecting to Chrome, retrying...
[1574249035.426][WARNING]: Timed out connecting to Chrome, retrying...
</system-err>
  </testcase>
</testsuite>