<?xml version="1.0" encoding="UTF-8"?>
<testng-results skipped="0" failed="0" ignored="0" total="1" passed="1">
  <reporter-output>
  </reporter-output>
  <suite name="Suite" duration-ms="8447" started-at="2019-11-20T11:15:02Z" finished-at="2019-11-20T11:15:11Z">
    <groups>
    </groups>
    <test name="Test" duration-ms="8447" started-at="2019-11-20T11:15:02Z" finished-at="2019-11-20T11:15:11Z">
      <class name="seleniumframework_oct.LoginTest">
        <test-method status="PASS" signature="setUp()[pri:0, instance:seleniumframework_oct.LoginTest@4501b7af]" name="setUp" duration-ms="8410" started-at="2019-11-20T11:15:02Z" finished-at="2019-11-20T11:15:11Z">
          <reporter-output>
          </reporter-output>
        </test-method> <!-- setUp -->
      </class> <!-- seleniumframework_oct.LoginTest -->
    </test> <!-- Test -->
  </suite> <!-- Suite -->
</testng-results>
